<?xml version="1.0" encoding="UTF-8"?>
<!-- Generated by org.testng.reporters.JUnitReportReporter -->
<testsuite hostname="DESKTOP-E2NNNCC" failures="0" tests="4" name="runner.HealthInsuranceRunner" time="0.298" errors="0" timestamp="2025-10-25T22:33:17 IST" skipped="0">
  <testcase classname="runner.HealthInsuranceRunner" name="runScenario" time="0.024"/>
  <testcase classname="runner.HealthInsuranceRunner" name="runScenario" time="0.223"/>
  <testcase classname="runner.HealthInsuranceRunner" name="runScenario" time="0.029"/>
  <testcase classname="runner.HealthInsuranceRunner" name="runScenario" time="0.022"/>
</testsuite> <!-- runner.HealthInsuranceRunner -->
