<?xml version="1.0" encoding="UTF-8"?>
<!-- Generated by org.testng.reporters.JUnitReportReporter -->
<testsuite hostname="DESKTOP-E2NNNCC" failures="0" tests="2" name="runner.CoverfoxRunnerClass" time="55.113" errors="0" timestamp="2025-11-17T12:13:05 IST" skipped="0">
  <testcase classname="runner.CoverfoxRunnerClass" name="runScenario" time="21.910">
    <system-out>
      <![CDATA[closing browser]]>
    </system-out>
  </testcase> <!-- runScenario -->
  <testcase classname="runner.CoverfoxRunnerClass" name="runScenario" time="33.203">
    <system-out>
      <![CDATA[Actual result is 48
closing browser]]>
    </system-out>
  </testcase> <!-- runScenario -->
  <system-out>
    <![CDATA[Actual result is 48
closing browser
closing browser]]>
  </system-out>
</testsuite> <!-- runner.CoverfoxRunnerClass -->
